[debug] [2025-06-24T05:03:43.106Z] ----------------------------------------------------------------------
[debug] [2025-06-24T05:03:43.110Z] Command:       C:\Program Files\nodejs\node.exe C:\Users\dylan\AppData\Roaming\npm\node_modules\firebase-tools\lib\bin\firebase.js init
[debug] [2025-06-24T05:03:43.110Z] CLI Version:   14.8.0
[debug] [2025-06-24T05:03:43.110Z] Platform:      win32
[debug] [2025-06-24T05:03:43.111Z] Node Version:  v22.15.0
[debug] [2025-06-24T05:03:43.111Z] Time:          Mon Jun 23 2025 23:03:43 GMT-0600 (Mountain Daylight Time)
[debug] [2025-06-24T05:03:43.111Z] ----------------------------------------------------------------------
[debug] 
[debug] [2025-06-24T05:03:43.113Z] >>> [apiv2][query] GET https://firebase-public.firebaseio.com/cli.json [none]
[debug] [2025-06-24T05:03:43.147Z] > command requires scopes: ["email","openid","https://www.googleapis.com/auth/cloudplatformprojects.readonly","https://www.googleapis.com/auth/firebase","https://www.googleapis.com/auth/cloud-platform"]
[debug] [2025-06-24T05:03:43.148Z] > authorizing via signed-in user (southxpaww@gmail.com)
[info] 
     ######## #### ########  ######## ########     ###     ######  ########
     ##        ##  ##     ## ##       ##     ##  ##   ##  ##       ##
     ######    ##  ########  ######   ########  #########  ######  ######
     ##        ##  ##    ##  ##       ##     ## ##     ##       ## ##
     ##       #### ##     ## ######## ########  ##     ##  ######  ########

You're about to initialize a Firebase project in this directory:

  C:\Users\dylan\OneDrive\Desktop\Portfolio

[debug] [2025-06-24T05:03:43.308Z] <<< [apiv2][status] GET https://firebase-public.firebaseio.com/cli.json 200
[debug] [2025-06-24T05:03:43.309Z] <<< [apiv2][body] GET https://firebase-public.firebaseio.com/cli.json {"cloudBuildErrorAfter":1594252800000,"cloudBuildWarnAfter":1590019200000,"defaultNode10After":1594252800000,"minVersion":"3.0.5","node8DeploysDisabledAfter":1613390400000,"node8RuntimeDisabledAfter":1615809600000,"node8WarnAfter":1600128000000}
[info] 
=== Project Setup
[info] 
[info] First, let's associate this project directory with a Firebase project.
[info] You can create multiple project aliases by running firebase use --add, 
[info] but for now we'll just set up a default project.
[info] 
[debug] [2025-06-24T05:04:16.479Z] Checked if tokens are valid: false, expires at: 1750167634786
[debug] [2025-06-24T05:04:16.479Z] Checked if tokens are valid: false, expires at: 1750167634786
[debug] [2025-06-24T05:04:16.479Z] > refreshing access token with scopes: []
[debug] [2025-06-24T05:04:16.480Z] >>> [apiv2][query] POST https://www.googleapis.com/oauth2/v3/token [none]
[debug] [2025-06-24T05:04:16.480Z] >>> [apiv2][body] POST https://www.googleapis.com/oauth2/v3/token [omitted]
[debug] [2025-06-24T05:04:16.625Z] <<< [apiv2][status] POST https://www.googleapis.com/oauth2/v3/token 200
[debug] [2025-06-24T05:04:16.625Z] <<< [apiv2][body] POST https://www.googleapis.com/oauth2/v3/token [omitted]
[debug] [2025-06-24T05:04:16.635Z] >>> [apiv2][query] GET https://firebase.googleapis.com/v1beta1/projects pageSize=100
[debug] [2025-06-24T05:04:17.123Z] <<< [apiv2][status] GET https://firebase.googleapis.com/v1beta1/projects 200
[debug] [2025-06-24T05:04:17.123Z] <<< [apiv2][body] GET https://firebase.googleapis.com/v1beta1/projects [omitted]
[info] i  Using project dylan-portfolio-a97a9 (Dylan-Portfolio) 
[info] 
=== Hosting Setup
[debug] [2025-06-24T05:04:19.658Z] Checked if tokens are valid: true, expires at: 1750745055625
[debug] [2025-06-24T05:04:19.658Z] Checked if tokens are valid: true, expires at: 1750745055625
[debug] [2025-06-24T05:04:19.658Z] >>> [apiv2][query] GET https://firebase.googleapis.com/v1beta1/projects/dylan-portfolio-a97a9 [none]
[debug] [2025-06-24T05:04:19.869Z] <<< [apiv2][status] GET https://firebase.googleapis.com/v1beta1/projects/dylan-portfolio-a97a9 200
[debug] [2025-06-24T05:04:19.869Z] <<< [apiv2][body] GET https://firebase.googleapis.com/v1beta1/projects/dylan-portfolio-a97a9 {"projectId":"dylan-portfolio-a97a9","projectNumber":"50082566566","displayName":"Dylan-Portfolio","name":"projects/dylan-portfolio-a97a9","resources":{"hostingSite":"dylan-portfolio-a97a9"},"state":"ACTIVE","etag":"1_15dbdc9c-0dd8-4a8e-a035-dc190e66f750"}
[info] 
[info] Your public directory is the folder (relative to your project directory) that
[info] will contain Hosting assets to be uploaded with firebase deploy. If you
[info] have a build process for your assets, use your build's output directory.
[info] 
[debug] [2025-06-24T05:04:46.148Z] >>> [apiv2][query] GET https://www.gstatic.com/firebasejs/releases.json [none]
[debug] [2025-06-24T05:04:46.223Z] <<< [apiv2][status] GET https://www.gstatic.com/firebasejs/releases.json 200
[debug] [2025-06-24T05:04:46.223Z] <<< [apiv2][body] GET https://www.gstatic.com/firebasejs/releases.json {"current":{"version":"11.9.1","browserURL":"https://www.gstatic.com/firebasejs/11.9.1/firebase.js","packageURL":"https://www.gstatic.com/firebasejs/11.9.1/firebase.tgz"},"live":{"version":"11.9","browserURL":"https://www.gstatic.com/firebasejs/live/11.9/firebase.js","packageURL":"https://www.gstatic.com/firebasejs/live/11.9/firebase.tgz"},"components":{"ai":"https://www.gstatic.com/firebasejs/11.9.1/firebase-ai.js","analytics":"https://www.gstatic.com/firebasejs/11.9.1/firebase-analytics.js","app":"https://www.gstatic.com/firebasejs/11.9.1/firebase-app.js","app-check":"https://www.gstatic.com/firebasejs/11.9.1/firebase-app-check.js","auth":"https://www.gstatic.com/firebasejs/11.9.1/firebase-auth.js","auth/cordova":"https://www.gstatic.com/firebasejs/11.9.1/firebase-auth/cordova.js","auth/web-extension":"https://www.gstatic.com/firebasejs/11.9.1/firebase-auth/web-extension.js","functions":"https://www.gstatic.com/firebasejs/11.9.1/firebase-functions.js","firestore":"https://www.gstatic.com/firebasejs/11.9.1/firebase-firestore.js","firestore/lite":"https://www.gstatic.com/firebasejs/11.9.1/firebase-firestore/lite.js","installations":"https://www.gstatic.com/firebasejs/11.9.1/firebase-installations.js","storage":"https://www.gstatic.com/firebasejs/11.9.1/firebase-storage.js","performance":"https://www.gstatic.com/firebasejs/11.9.1/firebase-performance.js","remote-config":"https://www.gstatic.com/firebasejs/11.9.1/firebase-remote-config.js","messaging":"https://www.gstatic.com/firebasejs/11.9.1/firebase-messaging.js","messaging/sw":"https://www.gstatic.com/firebasejs/11.9.1/firebase-messaging/sw.js","database":"https://www.gstatic.com/firebasejs/11.9.1/firebase-database.js","vertexai":"https://www.gstatic.com/firebasejs/11.9.1/firebase-vertexai.js","data-connect":"https://www.gstatic.com/firebasejs/11.9.1/firebase-data-connect.js","firestore.memory":"https://www.gstatic.com/firebasejs/11.9.1/firebase-firestore.memory.js"}}
[info] +  Wrote public/index.html 
[info] 
[info] i  Didn't detect a .git folder. Assuming C:\Users\dylan\OneDrive\Desktop\Portfolio is the project root. 
[info] i  Authorizing with GitHub to upload your service account to a GitHub repository's secrets store. 
[info] 
[info] Visit this URL on this device to log in:
[info] https://github.com/login/oauth/authorize?client_id=89cf50f02ac6aaed3484&state=524343790&redirect_uri=http%3A%2F%2Flocalhost%3A9005&scope=read%3Auser%20repo%20public_repo
[info] 
[info] Waiting for authentication...
[debug] [2025-06-24T05:05:08.696Z] >>> [apiv2][query] POST https://github.com/login/oauth/access_token [none]
[debug] [2025-06-24T05:05:08.696Z] >>> [apiv2][body] POST https://github.com/login/oauth/access_token [stream]
[debug] [2025-06-24T05:05:09.011Z] <<< [apiv2][status] POST https://github.com/login/oauth/access_token 200
[debug] [2025-06-24T05:05:09.011Z] <<< [apiv2][body] POST https://github.com/login/oauth/access_token {"access_token":"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","token_type":"bearer","scope":"read:user,repo"}
[debug] [2025-06-24T05:05:09.016Z] >>> [apiv2][query] GET https://api.github.com/user [none]
[debug] [2025-06-24T05:05:09.321Z] <<< [apiv2][status] GET https://api.github.com/user 200
[debug] [2025-06-24T05:05:09.321Z] <<< [apiv2][body] GET https://api.github.com/user {"login":"Dylanfe","id":162488807,"node_id":"U_kgDOCa9h5w","avatar_url":"https://avatars.githubusercontent.com/u/162488807?v=4","gravatar_id":"","url":"https://api.github.com/users/Dylanfe","html_url":"https://github.com/Dylanfe","followers_url":"https://api.github.com/users/Dylanfe/followers","following_url":"https://api.github.com/users/Dylanfe/following{/other_user}","gists_url":"https://api.github.com/users/Dylanfe/gists{/gist_id}","starred_url":"https://api.github.com/users/Dylanfe/starred{/owner}{/repo}","subscriptions_url":"https://api.github.com/users/Dylanfe/subscriptions","organizations_url":"https://api.github.com/users/Dylanfe/orgs","repos_url":"https://api.github.com/users/Dylanfe/repos","events_url":"https://api.github.com/users/Dylanfe/events{/privacy}","received_events_url":"https://api.github.com/users/Dylanfe/received_events","type":"User","user_view_type":"private","site_admin":false,"name":null,"company":null,"blog":"","location":null,"email":null,"hireable":null,"bio":null,"twitter_username":null,"notification_email":null,"public_repos":0,"public_gists":0,"followers":1,"following":1,"created_at":"2024-03-06T17:48:00Z","updated_at":"2025-06-07T16:16:34Z","private_gists":0,"total_private_repos":0,"owned_private_repos":0,"disk_usage":0,"collaborators":0,"two_factor_authentication":true,"plan":{"name":"pro","space":976562499,"collaborators":0,"private_repos":9999}}
[info] 
[info] +  Success! Logged into GitHub as Dylanfe 
[info] 
[debug] [2025-06-24T05:05:21.679Z] >>> [apiv2][query] GET https://api.github.com/repos//actions/secrets/public-key type=owner
[debug] [2025-06-24T05:05:21.955Z] <<< [apiv2][status] GET https://api.github.com/repos//actions/secrets/public-key 404
[debug] [2025-06-24T05:05:21.955Z] <<< [apiv2][body] GET https://api.github.com/repos//actions/secrets/public-key {"message":"Not Found","documentation_url":"https://docs.github.com/rest","status":"404"}
[info] 
[info] 
[error] !  The provided authorization cannot be used with this repository. If this repository is in an organization, did you remember to grant access? 
[info] 
[info] i  Action required: Visit this URL to ensure access has been granted to the appropriate organization(s) for the Firebase CLI GitHub OAuth App: 
[info] https://github.com/settings/connections/applications/89cf50f02ac6aaed3484
[info] 
[debug] [2025-06-24T05:06:16.714Z] >>> [apiv2][query] GET https://api.github.com/repos/https://github.com/Dylanfe/Portfolio.git/actions/secrets/public-key type=owner
[debug] [2025-06-24T05:06:16.983Z] <<< [apiv2][status] GET https://api.github.com/repos/https://github.com/Dylanfe/Portfolio.git/actions/secrets/public-key 404
[debug] [2025-06-24T05:06:16.983Z] <<< [apiv2][body] GET https://api.github.com/repos/https://github.com/Dylanfe/Portfolio.git/actions/secrets/public-key {"message":"Not Found","documentation_url":"https://docs.github.com/rest","status":"404"}
[info] 
[info] 
[error] !  The provided authorization cannot be used with this repository. If this repository is in an organization, did you remember to grant access? 
[info] 
[info] i  Action required: Visit this URL to ensure access has been granted to the appropriate organization(s) for the Firebase CLI GitHub OAuth App: 
[info] https://github.com/settings/connections/applications/89cf50f02ac6aaed3484
[info] 
